date: 2014-05-20 18:38:36.456
argv: E:\Program Files\nodejs\node.exe C:\Users\XadillaX\AppData\Roaming\npm\node_modules\hexo\bin\hexo server
os: Windows_NT 6.1.7601 win32 x64
version:
  hexo: 2.5.6
  http_parser: 1.0
  node: 0.10.28
  v8: 3.14.5.9
  ares: 1.9.0-DEV
  uv: 0.10.27
  zlib: 1.2.3
  modules: 11
  openssl: 1.0.1g
---

[debug] 18:38:34.544 Config file loaded
[debug] 18:38:34.546 Version info checked successfully
[debug] 18:38:34.570 Loading database.
[debug] 18:38:34.618 Plugin loaded successfully: hexo-generator-feed
[debug] 18:38:34.679 Processed: _posts/codeforces-128-div2/hit-ball.png
[debug] 18:38:34.679 Processed: _posts/lianlinakan-algorighm-i/comment.png
[debug] 18:38:34.679 Processed: _posts/nodejs-cpp-addons-2/mama.jpg
[debug] 18:38:34.679 Processed: _posts/hge-hotspot-collision/src.rar
[debug] 18:38:34.679 Processed: _posts/hero-snake/1.png
[debug] 18:38:34.679 Processed: _posts/hero-snake/2.png
[debug] 18:38:34.679 Processed: _posts/hero-snake/4.png
[debug] 18:38:34.679 Processed: _posts/hero-snake/10.png
[debug] 18:38:34.679 Processed: _posts/hero-snake/5.png
[debug] 18:38:34.679 Processed: _posts/hero-snake/6.png
[debug] 18:38:34.679 Processed: _posts/hero-snake/7.png
[debug] 18:38:34.679 Processed: _posts/hero-snake/8.png
[debug] 18:38:34.680 Processed: _posts/hero-snake/bin.7z
[debug] 18:38:34.680 Processed: _posts/hero-snake/door.png
[debug] 18:38:34.680 Processed: _posts/hero-snake/treasure0.png
[debug] 18:38:34.680 Processed: _posts/hero-snake/treasure1.png
[debug] 18:38:34.680 Processed: _posts/hero-snake/9.png
[debug] 18:38:34.680 Processed: _posts/hero-snake/treasure2.png
[debug] 18:38:34.680 Processed: _posts/hero-snake/treasure3.png
[debug] 18:38:34.680 Processed: _posts/hero-snake/treasure10.png
[debug] 18:38:34.680 Processed: _posts/hero-snake/3.png
[debug] 18:38:34.680 Processed: _posts/hero-snake/treasure5.png
[debug] 18:38:34.680 Processed: _posts/hero-snake/treasure8.png
[debug] 18:38:34.680 Processed: _posts/hero-snake/treasure6.png
[debug] 18:38:34.680 Processed: _posts/hero-snake/treasure7.png
[debug] 18:38:34.680 Processed: _posts/hero-snake/treasure4.png
[debug] 18:38:34.680 Processed: _posts/xplan-spider-doc/xplan-news-1.jpg
[debug] 18:38:34.680 Processed: _posts/xplan-spider-doc/xplan-news-2.jpg
[debug] 18:38:35.635 Processed: README.md
[debug] 18:38:35.635 Processed: LICENSE
[debug] 18:38:35.658 Processed: source/css/_base/base.styl
[debug] 18:38:35.658 Processed: source/css/_base/code.styl
[debug] 18:38:35.658 Processed: source/css/_base/var.styl
[debug] 18:38:35.658 Processed: source/css/_partial/archive.styl
[debug] 18:38:35.658 Processed: source/css/_partial/foot.styl
[debug] 18:38:35.658 Processed: source/css/_partial/head.styl
[debug] 18:38:35.658 Processed: source/css/_partial/post.styl
[debug] 18:38:35.764 Processed: source/js/common.js
[debug] 18:38:35.765 Processed: source/js/headroom.min.js
[debug] 18:38:35.766 Processed: source/js/jquery-2.1.0.min.js
[debug] 18:38:35.766 Processed: source/js/jquery.backstretch.min.js
[debug] 18:38:35.767 Processed: source/js/jquery.headroom.min.js
[debug] 18:38:35.768 Processed: source/js/jquery-2.1.0.min.map
[debug] 18:38:35.768 Processed: source/bootstrap/css/bootstrap-theme.css
[debug] 18:38:35.769 Processed: source/bootstrap/css/bootstrap.min.css
[debug] 18:38:35.770 Processed: source/bootstrap/css/bootstrap-theme.css.map
[debug] 18:38:35.770 Processed: source/bootstrap/css/bootstrap.css.map
[debug] 18:38:35.771 Processed: source/bootstrap/css/bootstrap.css
[debug] 18:38:35.772 Processed: source/bootstrap/css/bootstrap-theme.min.css
[debug] 18:38:35.772 Processed: source/bootstrap/js/bootstrap.min.js
[debug] 18:38:35.773 Processed: source/bootstrap/js/bootstrap.js
[debug] 18:38:35.774 Processed: source/bootstrap/fonts/glyphicons-halflings-regular.eot
[debug] 18:38:35.774 Processed: source/bootstrap/fonts/glyphicons-halflings-regular.svg
[debug] 18:38:35.775 Processed: source/bootstrap/fonts/glyphicons-halflings-regular.ttf
[debug] 18:38:35.775 Processed: source/bootstrap/fonts/glyphicons-halflings-regular.woff
[debug] 18:38:35.776 Processed: source/css/style.styl
[debug] 18:38:35.777 Processed: source/images/avatar - 副本.jpg
[debug] 18:38:35.777 Processed: source/images/avatar.gif
[debug] 18:38:35.778 Processed: source/images/background/1.jpeg
[debug] 18:38:35.779 Processed: source/images/background/2.jpeg
[debug] 18:38:35.780 Processed: source/images/background/3.jpeg
[debug] 18:38:35.780 Processed: source/images/background/4.jpeg
[debug] 18:38:35.781 Processed: source/images/background/5.jpeg
[debug] 18:38:35.782 Processed: source/images/background/6.jpeg
[debug] 18:38:35.783 Processed: source/images/background/img/iPad_Photo_20140328174454R80S.JPG
[debug] 18:38:35.783 Processed: source/images/background/img/iPad_Photo_20140328174508AZ11.JPG
[debug] 18:38:35.784 Processed: source/images/background/img/iPad_Photo_20140328174518045I.JPG
[debug] 18:38:35.785 Processed: source/images/background/img/iPad_Photo_2014032817454878ZE.JPG
[debug] 18:38:35.787 Processed: source/images/background/img/iPad_Photo_201403281745599SES.JPG
[debug] 18:38:35.788 Processed: source/images/background/img/iPad_Photo_20140328174552AQ1J.JPG
[debug] 18:38:35.789 Processed: source/images/background/img/iPad_Photo_20140328174603U1YR.JPG
[debug] 18:38:35.790 Processed: source/images/background/img/iPad_Photo_201403281746075OSE.JPG
[debug] 18:38:35.791 Processed: source/images/background/img/iPad_Photo_201403281746098UQF.JPG
[debug] 18:38:35.792 Processed: source/images/background/img/iPad_Photo_20140328174612C36Q.JPG
[debug] 18:38:35.792 Processed: source/images/background/img/iPad_Photo_20140328174620KT2Q.JPG
[debug] 18:38:35.793 Processed: source/images/background/img/iPad_Photo_20140328174625W1ES.JPG
[debug] 18:38:35.794 Processed: source/images/background/img/iPad_Photo_201403281746377KKO.JPG
[debug] 18:38:35.795 Processed: source/images/background/img/iPad_Photo_20140328174648RVZ6.JPG
[debug] 18:38:35.796 Processed: source/images/background/img/iPad_Photo_20140328174652WN28.JPG
[debug] 18:38:35.797 Processed: source/images/background/img/iPad_Photo_20140328174656PFMO.JPG
[debug] 18:38:35.798 Processed: source/images/background/img/iPad_Photo_20140328174659OI2J.JPG
[debug] 18:38:35.799 Processed: source/images/background/img/iPad_Photo_2014032817470292QJ.JPG
[debug] 18:38:35.799 Processed: source/images/background/img/iPad_Photo_20140328174705SKXS.JPG
[debug] 18:38:35.800 Processed: source/images/background/img/iPad_Photo_20140328174714KW8O.JPG
[debug] 18:38:35.801 Processed: source/images/background/img/iPad_Photo_20140328174716RWCG.JPG
[debug] 18:38:35.802 Processed: source/images/background/img/iPad_Photo_20140328174722SP1D.JPG
[debug] 18:38:35.803 Processed: source/images/background/img/iPad_Photo_20140328174725LA86.JPG
[debug] 18:38:35.804 Processed: source/images/background/img/iPad_Photo_20140328174729CIDI.JPG
[debug] 18:38:35.805 Processed: source/images/background/img/iPad_Photo_20140328174745BTVU.JPG
[debug] 18:38:35.806 Processed: source/images/background/img/iPad_Photo_20140328174808FREO.JPG
[debug] 18:38:35.807 Processed: source/images/background/img/iPad_Photo_20140328174813146L.JPG
[debug] 18:38:35.808 Processed: source/images/background/img/iPad_Photo_201403281748160U7C.JPG
[debug] 18:38:35.809 Processed: source/images/background/img/iPad_Photo_20140328175513PYEY.JPG
[debug] 18:38:35.810 Processed: source/images/background/img/iPad_Photo_20140328175534D0ZZ.JPG
[debug] 18:38:35.811 Processed: source/images/background/img/iPad_Photo_2014032817553747WV.JPG
[debug] 18:38:35.812 Processed: source/images/background/img/iPad_Photo_20140328175614MZ7A.JPG
[debug] 18:38:35.813 Processed: source/images/background/img/iPad_Photo_201403281756197C0Z.JPG
[debug] 18:38:35.814 Processed: source/images/background/img/iPad_Photo_20140328175639RA5N.JPG
[debug] 18:38:35.815 Processed: source/images/background/img/iPad_Photo_20140328175642GD96.JPG
[debug] 18:38:35.816 Processed: source/images/background/img/iPad_Photo_20140328175646DEG8.JPG
[debug] 18:38:35.817 Processed: source/images/background/img/iPad_Photo_20140328175651QN1S.JPG
[debug] 18:38:35.818 Processed: source/images/background/img/iPad_Photo_20140328175718BF7T.JPG
[debug] 18:38:35.820 Processed: source/images/background/img/iPad_Photo_20140328175740YHP7.JPG
[debug] 18:38:35.821 Processed: source/images/background/img/iPad_Photo_201403281757529VD3.JPG
[debug] 18:38:35.822 Processed: source/images/background/img/iPad_Photo_20140328175801S1Y0.JPG
[debug] 18:38:35.823 Processed: source/images/background/img/iPad_Photo_201403281758032IHC.JPG
[debug] 18:38:35.824 Processed: source/images/background/img/iPad_Photo_20140328175806DXGL.JPG
[debug] 18:38:35.825 Processed: source/images/background/img/iPad_Photo_201403281758113ZUA.JPG
[debug] 18:38:35.826 Processed: source/images/background/img/iPad_Photo_20140328175814L8AO.JPG
[debug] 18:38:35.828 Processed: source/images/background/img/iPad_Photo_20140328175820DYAC.JPG
[debug] 18:38:35.829 Processed: source/images/background/img/iPad_Photo_2014032817582328OS.JPG
[debug] 18:38:35.830 Processed: source/images/background/img/iPad_Photo_20140328175830QM12.JPG
[debug] 18:38:35.831 Processed: source/images/background/img/iPad_Photo_20140328175836O7TX.JPG
[debug] 18:38:35.832 Processed: source/images/background/img/iPad_Photo_20140328175931799I.JPG
[debug] 18:38:35.833 Processed: source/images/background/img/iPad_Photo_20140328175937KM6S.JPG
[debug] 18:38:35.836 Processed: source/images/background/img/iPad_Photo_20140328180031E7AI.JPG
[debug] 18:38:35.837 Processed: source/images/background/img/iPad_Photo_20140328180045GCYU.JPG
[debug] 18:38:35.838 Processed: source/images/background/img/iPad_Photo_20140328180050VCUL.JPG
[debug] 18:38:35.839 Processed: source/images/background/img/iPad_Photo_20140328180111OUJE.JPG
[debug] 18:38:35.841 Processed: source/images/background/img/iPad_Photo_20140328180138ERRW.JPG
[debug] 18:38:35.842 Processed: source/images/background/img/iPad_Photo_20140328180145AB4U.JPG
[debug] 18:38:35.843 Processed: source/images/background/img/iPad_Photo_20140328180147NIU2.JPG
[debug] 18:38:35.844 Processed: source/images/background/img/iPad_Photo_201403281801522E0J.JPG
[debug] 18:38:35.846 Processed: source/images/background/img/iPad_Photo_20140328180202H9VH.JPG
[debug] 18:38:35.847 Processed: source/images/background/img/iPad_Photo_201403281802144O9N.JPG
[debug] 18:38:35.848 Processed: source/images/background/img/iPad_Photo_20140328180231QQUY.JPG
[debug] 18:38:35.849 Processed: source/images/background/img/iPad_Photo_20140328180235A8IK.JPG
[debug] 18:38:35.851 Processed: source/images/background/img/iPad_Photo_20140328180239ZA5E.JPG
[debug] 18:38:35.852 Processed: source/images/background/img/iPad_Photo_201403281802513J08.JPG
[debug] 18:38:35.854 Processed: source/images/background/img/iPad_Photo_2014032818031577W6.JPG
[debug] 18:38:35.856 Processed: source/images/background/img/iPad_Photo_20140328180319LTJN.JPG
[debug] 18:38:35.857 Processed: source/images/background/img/iPad_Photo_20140328180319Z84V.JPG
[debug] 18:38:35.858 Processed: source/images/background/img/iPad_Photo_20140328180605YOWE.JPG
[debug] 18:38:35.860 Processed: source/images/background/img/iPad_Photo_20140328180616M66A.JPG
[debug] 18:38:35.861 Processed: source/images/background/img/iPad_Photo_201403281806230195.JPG
[debug] 18:38:35.862 Processed: source/images/background/img/iPad_Photo_20140328180655UNTG.JPG
[debug] 18:38:35.864 Processed: source/images/background/img/iPad_Photo_201403281807291CI6.JPG
[debug] 18:38:35.865 Processed: source/images/background/img/iPad_Photo_20140328180743ALVG.JPG
[debug] 18:38:35.866 Processed: source/images/background/img/iPad_Photo_201403281807570CBF.JPG
[debug] 18:38:35.868 Processed: source/images/background/img/iPad_Photo_20140328180804RIIW.JPG
[debug] 18:38:35.869 Processed: source/images/background/img/iPad_Photo_20140328180812WGG1.JPG
[debug] 18:38:35.870 Processed: source/images/background/img/iPad_Photo_20140328181058A7T2.JPG
[debug] 18:38:35.872 Processed: source/images/background/img/iPad_Photo_20140328181106IHZE.JPG
[debug] 18:38:35.873 Processed: source/images/background/img/iPad_Photo_20140328181126UB12.JPG
[debug] 18:38:35.875 Processed: source/images/background/img/iPad_Photo_2014032818114184J9.JPG
[debug] 18:38:35.876 Processed: source/images/background/img/iPad_Photo_20140328181200BCAQ.JPG
[debug] 18:38:35.877 Processed: source/images/background/img/iPad_Photo_20140328181218SLUY.JPG
[debug] 18:38:35.879 Processed: source/images/background/img/iPad_Photo_201403281812249PIJ.JPG
[debug] 18:38:35.880 Processed: source/images/background/img/iPad_Photo_20140328181230ZVQZ.JPG
[debug] 18:38:35.882 Processed: source/images/background/img/iPad_Photo_20140328181239ME9E.JPG
[debug] 18:38:35.883 Processed: source/images/background/img/iPad_Photo_20140328181334G4VW.JPG
[debug] 18:38:35.884 Processed: source/images/background/img/iPad_Photo_20140328181337FX9M.JPG
[debug] 18:38:35.886 Processed: source/images/background/img/iPad_Photo_20140328181343WSJI.JPG
[debug] 18:38:35.887 Processed: source/images/background/img/iPad_Photo_20140328181340V1YF.JPG
[debug] 18:38:35.889 Processed: source/images/background/img/iPad_Photo_201403281813484YKO.JPG
[debug] 18:38:35.890 Processed: source/images/background/img/iPad_Photo_20140328181354FGPM.JPG
[debug] 18:38:35.892 Processed: source/images/background/img/iPad_Photo_2014032818140398OV.JPG
[debug] 18:38:35.893 Processed: source/images/background/img/iPad_Photo_2014032818140774YP.JPG
[debug] 18:38:36.349 Processed: categories/index.md
[debug] 18:38:36.354 Processed: curriculumvitae/index.md
[debug] 18:38:36.355 Processed: tags/index.md
[debug] 18:38:36.362 Processed: layout/archive.ejs
[debug] 18:38:36.362 Processed: layout/categories.ejs
[debug] 18:38:36.362 Processed: layout/index.ejs
[debug] 18:38:36.362 Processed: layout/category.ejs
[debug] 18:38:36.362 Processed: layout/layout.ejs
[debug] 18:38:36.362 Processed: layout/page.ejs
[debug] 18:38:36.362 Processed: layout/post.ejs
[debug] 18:38:36.362 Processed: layout/tag.ejs
[debug] 18:38:36.362 Processed: layout/tags.ejs
[debug] 18:38:36.362 Processed: layout/_partial/comment.ejs
[debug] 18:38:36.362 Processed: layout/_partial/footer.ejs
[debug] 18:38:36.362 Processed: layout/_partial/header.ejs
[error] 18:38:36.430 { rawMessage: 'Malformed inline YAML string ([ 1.jpeg, 2.jpeg, 3.jpeg, 4.jpeg, 5.jpeg, 6.jpeg, img/iPad_Photo_20140328181354FGPM.JPG, img/iPad_Photo_20140328181218SLUY.JPG).',
  parsedLine: 10,
  snippet: 'background: [ 1.jpeg, 2.jpeg, 3.jpeg, 4.jpeg, 5.jpeg, 6.jpeg, img/iPad_Photo_20140328181354FGPM.JPG, img/iPad_Photo_20140328181218SLUY.JPG',
  parsedFile: null,
  message: 'Process failed: _config.yml',
  name: 'HexoError',
  stack: undefined }